0 info it worked if it ends with ok
1 verbose cli [ 'node', '/usr/local/bin/npm', 'install', '-g', 'n' ]
2 info using npm@3.10.6
3 info using node@v0.10.25
4 verbose node symlink /usr/bin/node
5 silly loadCurrentTree Starting
6 silly install loadCurrentTree
7 silly install readGlobalPackageData
8 silly fetchPackageMetaData n
9 silly fetchNamedPackageData n
10 silly mapToRegistry name n
11 silly mapToRegistry using default registry
12 silly mapToRegistry registry https://registry.npmjs.org/
13 silly mapToRegistry data { raw: 'n',
13 silly mapToRegistry   scope: null,
13 silly mapToRegistry   escapedName: 'n',
13 silly mapToRegistry   name: 'n',
13 silly mapToRegistry   rawSpec: '',
13 silly mapToRegistry   spec: 'latest',
13 silly mapToRegistry   type: 'tag' }
14 silly mapToRegistry uri https://registry.npmjs.org/n
15 verbose request uri https://registry.npmjs.org/n
16 verbose request no auth needed
17 info attempt registry request try #1 at 00:13:06
18 verbose request id 1747fa819d91e9cb
19 http request GET https://registry.npmjs.org/n
20 http 200 https://registry.npmjs.org/n
21 verbose headers { server: 'CouchDB/1.5.0 (Erlang OTP/R16B03)',
21 verbose headers   etag: '"1B01Y3GQK1HQ9P06V7WO2GDZ5"',
21 verbose headers   'content-type': 'application/json',
21 verbose headers   'content-encoding': 'gzip',
21 verbose headers   'cache-control': 'max-age=300',
21 verbose headers   'content-length': '12102',
21 verbose headers   'accept-ranges': 'bytes',
21 verbose headers   date: 'Wed, 05 Oct 2016 16:13:10 GMT',
21 verbose headers   via: '1.1 varnish',
21 verbose headers   age: '0',
21 verbose headers   connection: 'keep-alive',
21 verbose headers   'x-served-by': 'cache-hkg6824-HKG',
21 verbose headers   'x-cache': 'HIT',
21 verbose headers   'x-cache-hits': '1',
21 verbose headers   'x-timer': 'S1475683989.828136,VS0,VE923',
21 verbose headers   vary: 'Accept-Encoding' }
22 silly get cb [ 200,
22 silly get   { server: 'CouchDB/1.5.0 (Erlang OTP/R16B03)',
22 silly get     etag: '"1B01Y3GQK1HQ9P06V7WO2GDZ5"',
22 silly get     'content-type': 'application/json',
22 silly get     'content-encoding': 'gzip',
22 silly get     'cache-control': 'max-age=300',
22 silly get     'content-length': '12102',
22 silly get     'accept-ranges': 'bytes',
22 silly get     date: 'Wed, 05 Oct 2016 16:13:10 GMT',
22 silly get     via: '1.1 varnish',
22 silly get     age: '0',
22 silly get     connection: 'keep-alive',
22 silly get     'x-served-by': 'cache-hkg6824-HKG',
22 silly get     'x-cache': 'HIT',
22 silly get     'x-cache-hits': '1',
22 silly get     'x-timer': 'S1475683989.828136,VS0,VE923',
22 silly get     vary: 'Accept-Encoding' } ]
23 verbose get saving n to /home/adelfaye/.npm/registry.npmjs.org/n/.cache.json
24 verbose correctMkdir /home/adelfaye/.npm correctMkdir not in flight; initializing
25 silly install normalizeTree
26 silly loadCurrentTree Finishing
27 silly loadIdealTree Starting
28 silly install loadIdealTree
29 silly cloneCurrentTree Starting
30 silly install cloneCurrentTreeToIdealTree
31 silly cloneCurrentTree Finishing
32 silly loadShrinkwrap Starting
33 silly install loadShrinkwrap
34 silly loadShrinkwrap Finishing
35 silly loadAllDepsIntoIdealTree Starting
36 silly install loadAllDepsIntoIdealTree
37 silly resolveWithNewModule n@2.1.4 checking installable status
38 silly cache add args [ 'n', null ]
39 verbose cache add spec n
40 silly cache add parsed spec { raw: 'n',
40 silly cache add   scope: null,
40 silly cache add   escapedName: 'n',
40 silly cache add   name: 'n',
40 silly cache add   rawSpec: '',
40 silly cache add   spec: 'latest',
40 silly cache add   type: 'tag' }
41 silly addNamed n@latest
42 verbose addNamed "latest" is being treated as a dist-tag for n
43 info addNameTag [ 'n', 'latest' ]
44 silly mapToRegistry name n
45 silly mapToRegistry using default registry
46 silly mapToRegistry registry https://registry.npmjs.org/
47 silly mapToRegistry data { raw: 'n',
47 silly mapToRegistry   scope: null,
47 silly mapToRegistry   escapedName: 'n',
47 silly mapToRegistry   name: 'n',
47 silly mapToRegistry   rawSpec: '',
47 silly mapToRegistry   spec: 'latest',
47 silly mapToRegistry   type: 'tag' }
48 silly mapToRegistry uri https://registry.npmjs.org/n
49 verbose addNameTag registry:https://registry.npmjs.org/n not in flight; fetching
50 verbose get https://registry.npmjs.org/n not expired, no request
51 silly addNameTag next cb for n with tag latest
52 silly addNamed n@2.1.4
53 verbose addNamed "2.1.4" is a plain semver version for n
54 silly mapToRegistry name n
55 silly mapToRegistry using default registry
56 silly mapToRegistry registry https://registry.npmjs.org/
57 silly mapToRegistry data { raw: 'n',
57 silly mapToRegistry   scope: null,
57 silly mapToRegistry   escapedName: 'n',
57 silly mapToRegistry   name: 'n',
57 silly mapToRegistry   rawSpec: '',
57 silly mapToRegistry   spec: 'latest',
57 silly mapToRegistry   type: 'tag' }
58 silly mapToRegistry uri https://registry.npmjs.org/n
59 verbose addRemoteTarball https://registry.npmjs.org/n/-/n-2.1.4.tgz not in flight; adding
60 verbose addRemoteTarball [ 'https://registry.npmjs.org/n/-/n-2.1.4.tgz',
60 verbose addRemoteTarball   '7546bc467a120cc96718f2716cd86c43290f94c5' ]
61 info retry fetch attempt 1 at 00:13:10
62 info attempt registry request try #1 at 00:13:10
63 http fetch GET https://registry.npmjs.org/n/-/n-2.1.4.tgz
64 http fetch 200 https://registry.npmjs.org/n/-/n-2.1.4.tgz
65 silly fetchAndShaCheck shasum 7546bc467a120cc96718f2716cd86c43290f94c5
66 verbose addTmpTarball /tmp/npm-15933-56811929/registry.npmjs.org/n/-/n-2.1.4.tgz not in flight; adding
67 verbose addTmpTarball already have metadata; skipping unpack for n@2.1.4
68 verbose correctMkdir /home/adelfaye/.npm correctMkdir not in flight; initializing
69 silly cache afterAdd n@2.1.4
70 verbose afterAdd /home/adelfaye/.npm/n/2.1.4/package/package.json not in flight; writing
71 verbose correctMkdir /home/adelfaye/.npm correctMkdir not in flight; initializing
72 verbose afterAdd /home/adelfaye/.npm/n/2.1.4/package/package.json written
73 silly loadAllDepsIntoIdealTree Finishing
74 silly loadIdealTree Finishing
75 silly currentTree lib
76 silly idealTree lib
76 silly idealTree └── n@2.1.4
77 silly generateActionsToTake Starting
78 silly install generateActionsToTake
79 warn checkPermissions Missing write access to /usr/lib/node_modules
80 silly rollbackFailedOptional Starting
81 silly rollbackFailedOptional Finishing
82 silly runTopLevelLifecycles Starting
83 silly runTopLevelLifecycles Finishing
84 silly install printInstalled
85 verbose stack Error: EACCES, access '/usr/lib/node_modules'
85 verbose stack     at module.exports (/usr/local/lib/node_modules/npm/lib/install/access-error.js:4:18)
85 verbose stack     at /usr/local/lib/node_modules/npm/lib/install/writable.js:30:25
85 verbose stack     at /usr/local/lib/node_modules/npm/node_modules/graceful-fs/graceful-fs.js:232:16
85 verbose stack     at Object.oncomplete (fs.js:107:15)
86 verbose cwd /home/adelfaye/Desktop/tbdss
87 error Linux 3.13.0-32-generic
88 error argv "node" "/usr/local/bin/npm" "install" "-g" "n"
89 error node v0.10.25
90 error npm  v3.10.6
91 error path /usr/lib/node_modules
92 error code EACCES
93 error Error: EACCES, access '/usr/lib/node_modules'
93 error     at module.exports (/usr/local/lib/node_modules/npm/lib/install/access-error.js:4:18)
93 error     at /usr/local/lib/node_modules/npm/lib/install/writable.js:30:25
93 error     at /usr/local/lib/node_modules/npm/node_modules/graceful-fs/graceful-fs.js:232:16
93 error     at Object.oncomplete (fs.js:107:15)
93 error  { [Error: EACCES, access '/usr/lib/node_modules'] code: 'EACCES', path: '/usr/lib/node_modules' }
94 error Please try running this command again as root/Administrator.
95 verbose exit [ 1, true ]
